# Logfile created on 2014-01-30 23:47:21 +0100 by logger.rb/44203
I, [2014-01-30T23:47:21.213356 #12554]  INFO -- : 0:  rake (10.1.1) from /Users/davidhorsak/.rvm/gems/ruby-2.1.0@testapp/specifications/rake-10.1.1.gemspec
I, [2014-01-30T23:47:22.776873 #12554]  INFO -- : 0:  i18n (0.6.9) from /Users/davidhorsak/.rvm/gems/ruby-2.1.0@testapp/specifications/i18n-0.6.9.gemspec
I, [2014-01-30T23:47:22.777427 #12554]  INFO -- : 0:  json (1.8.1) from /Users/davidhorsak/.rvm/rubies/ruby-2.1.0/lib/ruby/gems/2.1.0/specifications/default/json-1.8.1.gemspec
I, [2014-01-30T23:47:24.220510 #12554]  INFO -- : 0:  minitest (5.2.2) from /Users/davidhorsak/.rvm/gems/ruby-2.1.0@testapp/specifications/minitest-5.2.2.gemspec
I, [2014-01-30T23:47:26.134251 #12554]  INFO -- : 0:  atomic (1.1.14) from /Users/davidhorsak/.rvm/gems/ruby-2.1.0@testapp/specifications/atomic-1.1.14.gemspec
I, [2014-01-30T23:47:27.752899 #12554]  INFO -- : 0:  thread_safe (0.1.3) from /Users/davidhorsak/.rvm/gems/ruby-2.1.0@testapp/specifications/thread_safe-0.1.3.gemspec
I, [2014-01-30T23:47:29.225282 #12554]  INFO -- : 0:  tzinfo (1.1.0) from /Users/davidhorsak/.rvm/gems/ruby-2.1.0@testapp/specifications/tzinfo-1.1.0.gemspec
I, [2014-01-30T23:47:31.352960 #12554]  INFO -- : 0:  activesupport (4.1.0.beta1) from /Users/davidhorsak/.rvm/gems/ruby-2.1.0@testapp/specifications/activesupport-4.1.0.beta1.gemspec
I, [2014-01-30T23:47:32.479889 #12554]  INFO -- : 0:  builder (3.2.2) from /Users/davidhorsak/.rvm/gems/ruby-2.1.0@testapp/specifications/builder-3.2.2.gemspec
I, [2014-01-30T23:47:34.091547 #12554]  INFO -- : 0:  erubis (2.7.0) from /Users/davidhorsak/.rvm/gems/ruby-2.1.0@testapp/specifications/erubis-2.7.0.gemspec
I, [2014-01-30T23:47:35.511282 #12554]  INFO -- : 0:  actionview (4.1.0.beta1) from /Users/davidhorsak/.rvm/gems/ruby-2.1.0@testapp/specifications/actionview-4.1.0.beta1.gemspec
I, [2014-01-30T23:47:37.188133 #12554]  INFO -- : 0:  rack (1.5.2) from /Users/davidhorsak/.rvm/gems/ruby-2.1.0@testapp/specifications/rack-1.5.2.gemspec
I, [2014-01-30T23:47:38.479861 #12554]  INFO -- : 0:  rack-test (0.6.2) from /Users/davidhorsak/.rvm/gems/ruby-2.1.0@testapp/specifications/rack-test-0.6.2.gemspec
I, [2014-01-30T23:47:40.390619 #12554]  INFO -- : 0:  actionpack (4.1.0.beta1) from /Users/davidhorsak/.rvm/gems/ruby-2.1.0@testapp/specifications/actionpack-4.1.0.beta1.gemspec
I, [2014-01-30T23:47:41.689302 #12554]  INFO -- : 0:  mime-types (1.25.1) from /Users/davidhorsak/.rvm/gems/ruby-2.1.0@testapp/specifications/mime-types-1.25.1.gemspec
I, [2014-01-30T23:47:42.786999 #12554]  INFO -- : 0:  polyglot (0.3.3) from /Users/davidhorsak/.rvm/gems/ruby-2.1.0@testapp/specifications/polyglot-0.3.3.gemspec
I, [2014-01-30T23:47:44.206196 #12554]  INFO -- : 0:  treetop (1.4.15) from /Users/davidhorsak/.rvm/gems/ruby-2.1.0@testapp/specifications/treetop-1.4.15.gemspec
I, [2014-01-30T23:47:45.832577 #12554]  INFO -- : 0:  mail (2.5.4) from /Users/davidhorsak/.rvm/gems/ruby-2.1.0@testapp/specifications/mail-2.5.4.gemspec
I, [2014-01-30T23:47:47.087454 #12554]  INFO -- : 0:  actionmailer (4.1.0.beta1) from /Users/davidhorsak/.rvm/gems/ruby-2.1.0@testapp/specifications/actionmailer-4.1.0.beta1.gemspec
I, [2014-01-30T23:47:48.697910 #12554]  INFO -- : 0:  activemodel (4.1.0.beta1) from /Users/davidhorsak/.rvm/gems/ruby-2.1.0@testapp/specifications/activemodel-4.1.0.beta1.gemspec
I, [2014-01-30T23:47:50.034183 #12554]  INFO -- : 0:  arel (5.0.0) from /Users/davidhorsak/.rvm/gems/ruby-2.1.0@testapp/specifications/arel-5.0.0.gemspec
I, [2014-01-30T23:47:52.046169 #12554]  INFO -- : 0:  activerecord (4.1.0.beta1) from /Users/davidhorsak/.rvm/gems/ruby-2.1.0@testapp/specifications/activerecord-4.1.0.beta1.gemspec
I, [2014-01-30T23:47:53.794912 #12554]  INFO -- : 0:  coderay (1.1.0) from /Users/davidhorsak/.rvm/gems/ruby-2.1.0@testapp/specifications/coderay-1.1.0.gemspec
I, [2014-01-30T23:47:54.989203 #12554]  INFO -- : 0:  diff-lcs (1.2.5) from /Users/davidhorsak/.rvm/gems/ruby-2.1.0@testapp/specifications/diff-lcs-1.2.5.gemspec
I, [2014-01-30T23:47:56.593560 #12554]  INFO -- : 0:  factory_girl (4.3.0) from /Users/davidhorsak/.rvm/gems/ruby-2.1.0@testapp/specifications/factory_girl-4.3.0.gemspec
I, [2014-01-30T23:47:58.317071 #12554]  INFO -- : 0:  thor (0.18.1) from /Users/davidhorsak/.rvm/gems/ruby-2.1.0@testapp/specifications/thor-0.18.1.gemspec
I, [2014-01-30T23:47:59.812617 #12554]  INFO -- : 0:  railties (4.1.0.beta1) from /Users/davidhorsak/.rvm/gems/ruby-2.1.0@testapp/specifications/railties-4.1.0.beta1.gemspec
I, [2014-01-30T23:48:01.054831 #12554]  INFO -- : 0:  factory_girl_rails (4.3.0) from /Users/davidhorsak/.rvm/gems/ruby-2.1.0@testapp/specifications/factory_girl_rails-4.3.0.gemspec
I, [2014-01-30T23:48:02.091941 #12554]  INFO -- : 0:  hike (1.2.3) from /Users/davidhorsak/.rvm/gems/ruby-2.1.0@testapp/specifications/hike-1.2.3.gemspec
I, [2014-01-30T23:48:03.150124 #12554]  INFO -- : 0:  method_source (0.8.2) from /Users/davidhorsak/.rvm/gems/ruby-2.1.0@testapp/specifications/method_source-0.8.2.gemspec
I, [2014-01-30T23:48:04.319354 #12554]  INFO -- : 0:  multi_json (1.8.4) from /Users/davidhorsak/.rvm/gems/ruby-2.1.0@testapp/specifications/multi_json-1.8.4.gemspec
I, [2014-01-30T23:48:10.244203 #12554]  INFO -- : 0:  pg (0.17.1) from /Users/davidhorsak/.rvm/gems/ruby-2.1.0@testapp/specifications/pg-0.17.1.gemspec
I, [2014-01-30T23:48:11.461805 #12554]  INFO -- : 0:  slop (3.4.7) from /Users/davidhorsak/.rvm/gems/ruby-2.1.0@testapp/specifications/slop-3.4.7.gemspec
I, [2014-01-30T23:48:13.010983 #12554]  INFO -- : 0:  pry (0.9.12.4) from /Users/davidhorsak/.rvm/gems/ruby-2.1.0@testapp/specifications/pry-0.9.12.4.gemspec
I, [2014-01-30T23:48:13.011396 #12554]  INFO -- : 0:  bundler (1.5.1) from /Users/davidhorsak/.rvm/gems/ruby-2.1.0@global/specifications/bundler-1.5.1.gemspec
I, [2014-01-30T23:48:14.291405 #12554]  INFO -- : 0:  tilt (1.4.1) from /Users/davidhorsak/.rvm/gems/ruby-2.1.0@testapp/specifications/tilt-1.4.1.gemspec
I, [2014-01-30T23:48:15.542933 #12554]  INFO -- : 0:  sprockets (2.10.1) from /Users/davidhorsak/.rvm/gems/ruby-2.1.0@testapp/specifications/sprockets-2.10.1.gemspec
I, [2014-01-30T23:48:16.670997 #12554]  INFO -- : 0:  sprockets-rails (2.0.1) from /Users/davidhorsak/.rvm/gems/ruby-2.1.0@testapp/specifications/sprockets-rails-2.0.1.gemspec
I, [2014-01-30T23:48:19.080283 #12554]  INFO -- : 0:  rails (4.1.0.beta1) from /Users/davidhorsak/.rvm/gems/ruby-2.1.0@testapp/specifications/rails-4.1.0.beta1.gemspec
I, [2014-01-30T23:48:20.165519 #12554]  INFO -- : 0:  rspec-support (3.0.0.beta1) from /Users/davidhorsak/.rvm/gems/ruby-2.1.0@testapp/specifications/rspec-support-3.0.0.beta1.gemspec
I, [2014-01-30T23:48:21.564218 #12554]  INFO -- : 0:  rspec-expectations (3.0.0.beta1) from /Users/davidhorsak/.rvm/gems/ruby-2.1.0@testapp/specifications/rspec-expectations-3.0.0.beta1.gemspec
I, [2014-01-30T23:48:22.646021 #12554]  INFO -- : 0:  rspec-collection_matchers (0.0.2) from /Users/davidhorsak/.rvm/gems/ruby-2.1.0@testapp/specifications/rspec-collection_matchers-0.0.2.gemspec
I, [2014-01-30T23:48:24.261619 #12554]  INFO -- : 0:  rspec-core (3.0.0.beta1) from /Users/davidhorsak/.rvm/gems/ruby-2.1.0@testapp/specifications/rspec-core-3.0.0.beta1.gemspec
I, [2014-01-30T23:48:25.683210 #12554]  INFO -- : 0:  rspec-mocks (3.0.0.beta1) from /Users/davidhorsak/.rvm/gems/ruby-2.1.0@testapp/specifications/rspec-mocks-3.0.0.beta1.gemspec
I, [2014-01-30T23:48:27.250701 #12554]  INFO -- : 0:  rspec-rails (3.0.0.beta1) from /Users/davidhorsak/.rvm/gems/ruby-2.1.0@testapp/specifications/rspec-rails-3.0.0.beta1.gemspec
I, [2014-01-30T23:48:27.378551 #12554]  INFO -- : 0:  shoulda-matchers (2.5.0) from /Users/davidhorsak/.rvm/gems/ruby-2.1.0@testapp/bundler/gems/shoulda-matchers-b16c57436ced/shoulda-matchers.gemspec
